# JRE version: OpenJDK Runtime Environment Zulu17.32+13-CA (17.0.2+8) (build 17.0.2+8-LTS)
# Java VM: OpenJDK 64-Bit Server VM Zulu17.32+13-CA (17.0.2+8-LTS, mixed mode, sharing, tiered, compressed oops, compressed class ptrs, g1 gc, windows-amd64)
GC Precious Log:
 CPUs: 4 total, 4 available
 Memory: 3862M
 Large Page Support: Disabled
 NUMA Support: Disabled
 Compressed Oops: Enabled (32-bit)
 Heap Region Size: 1M
 Heap Min Capacity: 8M
 Heap Initial Capacity: 62M
 Heap Max Capacity: 966M
 Pre-touch: Disabled
 Parallel Workers: 4
 Concurrent Workers: 1
 Concurrent Refinement Workers: 4
 Periodic GC: Disabled
Heap:
 garbage-first heap   total 63488K, used 20883K [0x00000000c3a00000, 0x0000000100000000)
  region size 1024K, 13 young (13312K), 4 survivors (4096K)
 Metaspace       used 15968K, committed 16192K, reserved 1064960K
  class space    used 1905K, committed 1984K, reserved 1048576K
GC Heap History (10 events):
Event: 1.531 GC heap before
{Heap before GC invocations=0 (full 0):
 garbage-first heap   total 63488K, used 13312K [0x00000000c3a00000, 0x0000000100000000)
  region size 1024K, 13 young (13312K), 0 survivors (0K)
 Metaspace       used 3562K, committed 3712K, reserved 1056768K
  class space    used 378K, committed 448K, reserved 1048576K
}
Event: 1.598 GC heap after
{Heap after GC invocations=1 (full 0):
 garbage-first heap   total 63488K, used 3136K [0x00000000c3a00000, 0x0000000100000000)
  region size 1024K, 2 young (2048K), 2 survivors (2048K)
 Metaspace       used 3562K, committed 3712K, reserved 1056768K
  class space    used 378K, committed 448K, reserved 1048576K
}
Event: 2.486 GC heap before
{Heap before GC invocations=1 (full 0):
 garbage-first heap   total 63488K, used 16448K [0x00000000c3a00000, 0x0000000100000000)
  region size 1024K, 15 young (15360K), 2 survivors (2048K)
 Metaspace       used 5786K, committed 5952K, reserved 1056768K
  class space    used 696K, committed 768K, reserved 1048576K
}
Event: 2.491 GC heap after
{Heap after GC invocations=2 (full 0):
 garbage-first heap   total 63488K, used 4059K [0x00000000c3a00000, 0x0000000100000000)
  region size 1024K, 1 young (1024K), 1 survivors (1024K)
 Metaspace       used 5786K, committed 5952K, reserved 1056768K
  class space    used 696K, committed 768K, reserved 1048576K
}
Event: 4.412 GC heap before
{Heap before GC invocations=2 (full 0):
 garbage-first heap   total 63488K, used 27611K [0x00000000c3a00000, 0x0000000100000000)
  region size 1024K, 25 young (25600K), 1 survivors (1024K)
 Metaspace       used 9292K, committed 9472K, reserved 1064960K
  class space    used 1122K, committed 1216K, reserved 1048576K
}
Event: 4.417 GC heap after
{Heap after GC invocations=3 (full 0):
 garbage-first heap   total 63488K, used 5181K [0x00000000c3a00000, 0x0000000100000000)
  region size 1024K, 2 young (2048K), 2 survivors (2048K)
 Metaspace       used 9292K, committed 9472K, reserved 1064960K
  class space    used 1122K, committed 1216K, reserved 1048576K
}
Event: 8.221 GC heap before
{Heap before GC invocations=3 (full 0):
 garbage-first heap   total 63488K, used 41021K [0x00000000c3a00000, 0x0000000100000000)
  region size 1024K, 37 young (37888K), 2 survivors (2048K)
 Metaspace       used 14837K, committed 15040K, reserved 1064960K
  class space    used 1795K, committed 1856K, reserved 1048576K
}
Event: 8.235 GC heap after
{Heap after GC invocations=4 (full 0):
 garbage-first heap   total 63488K, used 9010K [0x00000000c3a00000, 0x0000000100000000)
  region size 1024K, 5 young (5120K), 5 survivors (5120K)
 Metaspace       used 14837K, committed 15040K, reserved 1064960K
  class space    used 1795K, committed 1856K, reserved 1048576K
}
Event: 10.790 GC heap before
{Heap before GC invocations=4 (full 0):
 garbage-first heap   total 63488K, used 41778K [0x00000000c3a00000, 0x0000000100000000)
  region size 1024K, 37 young (37888K), 5 survivors (5120K)
 Metaspace       used 15625K, committed 15872K, reserved 1064960K
  class space    used 1862K, committed 1984K, reserved 1048576K
}
Event: 10.809 GC heap after
{Heap after GC invocations=5 (full 0):
 garbage-first heap   total 63488K, used 12691K [0x00000000c3a00000, 0x0000000100000000)
  region size 1024K, 4 young (4096K), 4 survivors (4096K)
 Metaspace       used 15625K, committed 15872K, reserved 1064960K
  class space    used 1862K, committed 1984K, reserved 1048576K
}

