# JRE version: OpenJDK Runtime Environment Temurin-21.0.6+7 (21.0.6+7) (build 21.0.6+7-LTS)
# Java VM: OpenJDK 64-Bit Server VM Temurin-21.0.6+7 (21.0.6+7-LTS, mixed mode, sharing, tiered, compressed oops, compressed class ptrs, parallel gc, windows-amd64)
GC Precious Log:
 CardTable entry size: 512
 CPUs: 4 total, 4 available
 Memory: 3862M
 Large Page Support: Disabled
 NUMA Support: Disabled
 Compressed Oops: Enabled (32-bit)
 Alignments: Space 512K, Generation 512K, Heap 2M
 Heap Min Capacity: 100M
 Heap Initial Capacity: 100M
 Heap Max Capacity: 1G
 Pre-touch: Disabled
 Parallel Workers: 4
Heap:
 PSYoungGen      total 27136K, used 24495K [0x00000000eab00000, 0x00000000ed080000, 0x0000000100000000)
  eden space 22016K, 88% used [0x00000000eab00000,0x00000000ebdeec40,0x00000000ec080000)
  from space 5120K, 99% used [0x00000000ec080000,0x00000000ec57d310,0x00000000ec580000)
  to   space 8192K, 0% used [0x00000000ec880000,0x00000000ec880000,0x00000000ed080000)
 ParOldGen       total 620544K, used 309501K [0x00000000c0000000, 0x00000000e5e00000, 0x00000000eab00000)
  object space 620544K, 49% used [0x00000000c0000000,0x00000000d2e3f440,0x00000000e5e00000)
 Metaspace       used 84966K, committed 86848K, reserved 1179648K
  class space    used 8741K, committed 9536K, reserved 1048576K
GC Heap History (20 events):
Event: 688.838 GC heap before
{Heap before GC invocations=898 (full 5):
 PSYoungGen      total 23552K, used 23289K [0x00000000eab00000, 0x00000000ec380000, 0x0000000100000000)
  eden space 22016K, 100% used [0x00000000eab00000,0x00000000ec080000,0x00000000ec080000)
  from space 1536K, 82% used [0x00000000ec080000,0x00000000ec1be410,0x00000000ec200000)
  to   space 1536K, 0% used [0x00000000ec200000,0x00000000ec200000,0x00000000ec380000)
 ParOldGen       total 620544K, used 297582K [0x00000000c0000000, 0x00000000e5e00000, 0x00000000eab00000)
  object space 620544K, 47% used [0x00000000c0000000,0x00000000d229baa8,0x00000000e5e00000)
 Metaspace       used 84524K, committed 86272K, reserved 1179648K
  class space    used 8701K, committed 9408K, reserved 1048576K
}
Event: 688.856 GC heap after
{Heap after GC invocations=898 (full 5):
 PSYoungGen      total 23040K, used 1528K [0x00000000eab00000, 0x00000000ec480000, 0x0000000100000000)
  eden space 21504K, 0% used [0x00000000eab00000,0x00000000eab00000,0x00000000ec000000)
  from space 1536K, 99% used [0x00000000ec200000,0x00000000ec37e350,0x00000000ec380000)
  to   space 2048K, 0% used [0x00000000ec000000,0x00000000ec000000,0x00000000ec200000)
 ParOldGen       total 620544K, used 297643K [0x00000000c0000000, 0x00000000e5e00000, 0x00000000eab00000)
  object space 620544K, 47% used [0x00000000c0000000,0x00000000d22aaca8,0x00000000e5e00000)
 Metaspace       used 84524K, committed 86272K, reserved 1179648K
  class space    used 8701K, committed 9408K, reserved 1048576K
}
Event: 689.087 GC heap before
{Heap before GC invocations=899 (full 5):
 PSYoungGen      total 23040K, used 23032K [0x00000000eab00000, 0x00000000ec480000, 0x0000000100000000)
  eden space 21504K, 100% used [0x00000000eab00000,0x00000000ec000000,0x00000000ec000000)
  from space 1536K, 99% used [0x00000000ec200000,0x00000000ec37e350,0x00000000ec380000)
  to   space 2048K, 0% used [0x00000000ec000000,0x00000000ec000000,0x00000000ec200000)
 ParOldGen       total 620544K, used 297643K [0x00000000c0000000, 0x00000000e5e00000, 0x00000000eab00000)
  object space 620544K, 47% used [0x00000000c0000000,0x00000000d22aaca8,0x00000000e5e00000)
 Metaspace       used 84573K, committed 86336K, reserved 1179648K
  class space    used 8708K, committed 9408K, reserved 1048576K
}
Event: 689.111 GC heap after
{Heap after GC invocations=899 (full 5):
 PSYoungGen      total 23040K, used 1144K [0x00000000eab00000, 0x00000000ec300000, 0x0000000100000000)
  eden space 21504K, 0% used [0x00000000eab00000,0x00000000eab00000,0x00000000ec000000)
  from space 1536K, 74% used [0x00000000ec000000,0x00000000ec11e350,0x00000000ec180000)
  to   space 1536K, 0% used [0x00000000ec180000,0x00000000ec180000,0x00000000ec300000)
 ParOldGen       total 620544K, used 298456K [0x00000000c0000000, 0x00000000e5e00000, 0x00000000eab00000)
  object space 620544K, 48% used [0x00000000c0000000,0x00000000d2376068,0x00000000e5e00000)
 Metaspace       used 84573K, committed 86336K, reserved 1179648K
  class space    used 8708K, committed 9408K, reserved 1048576K
}
Event: 689.227 GC heap before
{Heap before GC invocations=900 (full 5):
 PSYoungGen      total 23040K, used 22648K [0x00000000eab00000, 0x00000000ec300000, 0x0000000100000000)
  eden space 21504K, 100% used [0x00000000eab00000,0x00000000ec000000,0x00000000ec000000)
  from space 1536K, 74% used [0x00000000ec000000,0x00000000ec11e350,0x00000000ec180000)
  to   space 1536K, 0% used [0x00000000ec180000,0x00000000ec180000,0x00000000ec300000)
 ParOldGen       total 620544K, used 298456K [0x00000000c0000000, 0x00000000e5e00000, 0x00000000eab00000)
  object space 620544K, 48% used [0x00000000c0000000,0x00000000d23761e8,0x00000000e5e00000)
 Metaspace       used 84622K, committed 86400K, reserved 1179648K
  class space    used 8708K, committed 9408K, reserved 1048576K
}
Event: 689.310 GC heap after
{Heap after GC invocations=900 (full 5):
 PSYoungGen      total 23040K, used 1305K [0x00000000eab00000, 0x00000000ec300000, 0x0000000100000000)
  eden space 21504K, 0% used [0x00000000eab00000,0x00000000eab00000,0x00000000ec000000)
  from space 1536K, 84% used [0x00000000ec180000,0x00000000ec2c6410,0x00000000ec300000)
  to   space 1536K, 0% used [0x00000000ec000000,0x00000000ec000000,0x00000000ec180000)
 ParOldGen       total 620544K, used 300307K [0x00000000c0000000, 0x00000000e5e00000, 0x00000000eab00000)
  object space 620544K, 48% used [0x00000000c0000000,0x00000000d2544d88,0x00000000e5e00000)
 Metaspace       used 84622K, committed 86400K, reserved 1179648K
  class space    used 8708K, committed 9408K, reserved 1048576K
}
Event: 689.465 GC heap before
{Heap before GC invocations=901 (full 5):
 PSYoungGen      total 23040K, used 22809K [0x00000000eab00000, 0x00000000ec300000, 0x0000000100000000)
  eden space 21504K, 100% used [0x00000000eab00000,0x00000000ec000000,0x00000000ec000000)
  from space 1536K, 84% used [0x00000000ec180000,0x00000000ec2c6410,0x00000000ec300000)
  to   space 1536K, 0% used [0x00000000ec000000,0x00000000ec000000,0x00000000ec180000)
 ParOldGen       total 620544K, used 302160K [0x00000000c0000000, 0x00000000e5e00000, 0x00000000eab00000)
  object space 620544K, 48% used [0x00000000c0000000,0x00000000d27140f0,0x00000000e5e00000)
 Metaspace       used 84630K, committed 86400K, reserved 1179648K
  class space    used 8708K, committed 9408K, reserved 1048576K
}
Event: 689.480 GC heap after
{Heap after GC invocations=901 (full 5):
 PSYoungGen      total 23040K, used 857K [0x00000000eab00000, 0x00000000ec480000, 0x0000000100000000)
  eden space 21504K, 0% used [0x00000000eab00000,0x00000000eab00000,0x00000000ec000000)
  from space 1536K, 55% used [0x00000000ec000000,0x00000000ec0d6410,0x00000000ec180000)
  to   space 1024K, 0% used [0x00000000ec380000,0x00000000ec380000,0x00000000ec480000)
 ParOldGen       total 620544K, used 302852K [0x00000000c0000000, 0x00000000e5e00000, 0x00000000eab00000)
  object space 620544K, 48% used [0x00000000c0000000,0x00000000d27c1240,0x00000000e5e00000)
 Metaspace       used 84630K, committed 86400K, reserved 1179648K
  class space    used 8708K, committed 9408K, reserved 1048576K
}
Event: 689.566 GC heap before
{Heap before GC invocations=902 (full 5):
 PSYoungGen      total 23040K, used 22361K [0x00000000eab00000, 0x00000000ec480000, 0x0000000100000000)
  eden space 21504K, 100% used [0x00000000eab00000,0x00000000ec000000,0x00000000ec000000)
  from space 1536K, 55% used [0x00000000ec000000,0x00000000ec0d6410,0x00000000ec180000)
  to   space 1024K, 0% used [0x00000000ec380000,0x00000000ec380000,0x00000000ec480000)
 ParOldGen       total 620544K, used 302852K [0x00000000c0000000, 0x00000000e5e00000, 0x00000000eab00000)
  object space 620544K, 48% used [0x00000000c0000000,0x00000000d27c1240,0x00000000e5e00000)
 Metaspace       used 84643K, committed 86400K, reserved 1179648K
  class space    used 8708K, committed 9408K, reserved 1048576K
}
Event: 689.571 GC heap after
{Heap after GC invocations=902 (full 5):
 PSYoungGen      total 24576K, used 1012K [0x00000000eab00000, 0x00000000ec580000, 0x0000000100000000)
  eden space 23552K, 0% used [0x00000000eab00000,0x00000000eab00000,0x00000000ec200000)
  from space 1024K, 98% used [0x00000000ec380000,0x00000000ec47d200,0x00000000ec480000)
  to   space 1536K, 0% used [0x00000000ec200000,0x00000000ec200000,0x00000000ec380000)
 ParOldGen       total 620544K, used 303001K [0x00000000c0000000, 0x00000000e5e00000, 0x00000000eab00000)
  object space 620544K, 48% used [0x00000000c0000000,0x00000000d27e6450,0x00000000e5e00000)
 Metaspace       used 84643K, committed 86400K, reserved 1179648K
  class space    used 8708K, committed 9408K, reserved 1048576K
}
Event: 689.670 GC heap before
{Heap before GC invocations=903 (full 5):
 PSYoungGen      total 24576K, used 23809K [0x00000000eab00000, 0x00000000ec580000, 0x0000000100000000)
  eden space 23552K, 96% used [0x00000000eab00000,0x00000000ec143368,0x00000000ec200000)
  from space 1024K, 98% used [0x00000000ec380000,0x00000000ec47d200,0x00000000ec480000)
  to   space 1536K, 0% used [0x00000000ec200000,0x00000000ec200000,0x00000000ec380000)
 ParOldGen       total 620544K, used 303001K [0x00000000c0000000, 0x00000000e5e00000, 0x00000000eab00000)
  object space 620544K, 48% used [0x00000000c0000000,0x00000000d27e6450,0x00000000e5e00000)
 Metaspace       used 84682K, committed 86400K, reserved 1179648K
  class space    used 8708K, committed 9408K, reserved 1048576K
}
Event: 689.679 GC heap after
{Heap after GC invocations=903 (full 5):
 PSYoungGen      total 25088K, used 192K [0x00000000eab00000, 0x00000000ec680000, 0x0000000100000000)
  eden space 23552K, 0% used [0x00000000eab00000,0x00000000eab00000,0x00000000ec200000)
  from space 1536K, 12% used [0x00000000ec200000,0x00000000ec230000,0x00000000ec380000)
  to   space 1024K, 0% used [0x00000000ec580000,0x00000000ec580000,0x00000000ec680000)
 ParOldGen       total 620544K, used 303577K [0x00000000c0000000, 0x00000000e5e00000, 0x00000000eab00000)
  object space 620544K, 48% used [0x00000000c0000000,0x00000000d2876450,0x00000000e5e00000)
 Metaspace       used 84682K, committed 86400K, reserved 1179648K
  class space    used 8708K, committed 9408K, reserved 1048576K
}
Event: 689.943 GC heap before
{Heap before GC invocations=904 (full 5):
 PSYoungGen      total 25088K, used 23744K [0x00000000eab00000, 0x00000000ec680000, 0x0000000100000000)
  eden space 23552K, 100% used [0x00000000eab00000,0x00000000ec200000,0x00000000ec200000)
  from space 1536K, 12% used [0x00000000ec200000,0x00000000ec230000,0x00000000ec380000)
  to   space 1024K, 0% used [0x00000000ec580000,0x00000000ec580000,0x00000000ec680000)
 ParOldGen       total 620544K, used 303577K [0x00000000c0000000, 0x00000000e5e00000, 0x00000000eab00000)
  object space 620544K, 48% used [0x00000000c0000000,0x00000000d2876450,0x00000000e5e00000)
 Metaspace       used 84724K, committed 86464K, reserved 1179648K
  class space    used 8716K, committed 9408K, reserved 1048576K
}
Event: 689.948 GC heap after
{Heap after GC invocations=904 (full 5):
 PSYoungGen      total 26624K, used 308K [0x00000000eab00000, 0x00000000ec600000, 0x0000000100000000)
  eden space 26112K, 0% used [0x00000000eab00000,0x00000000eab00000,0x00000000ec480000)
  from space 512K, 60% used [0x00000000ec580000,0x00000000ec5cd200,0x00000000ec600000)
  to   space 512K, 0% used [0x00000000ec500000,0x00000000ec500000,0x00000000ec580000)
 ParOldGen       total 620544K, used 303681K [0x00000000c0000000, 0x00000000e5e00000, 0x00000000eab00000)
  object space 620544K, 48% used [0x00000000c0000000,0x00000000d2890450,0x00000000e5e00000)
 Metaspace       used 84724K, committed 86464K, reserved 1179648K
  class space    used 8716K, committed 9408K, reserved 1048576K
}
Event: 690.221 GC heap before
{Heap before GC invocations=905 (full 5):
 PSYoungGen      total 26624K, used 25136K [0x00000000eab00000, 0x00000000ec600000, 0x0000000100000000)
  eden space 26112K, 95% used [0x00000000eab00000,0x00000000ec33eef0,0x00000000ec480000)
  from space 512K, 60% used [0x00000000ec580000,0x00000000ec5cd200,0x00000000ec600000)
  to   space 512K, 0% used [0x00000000ec500000,0x00000000ec500000,0x00000000ec580000)
 ParOldGen       total 620544K, used 303681K [0x00000000c0000000, 0x00000000e5e00000, 0x00000000eab00000)
  object space 620544K, 48% used [0x00000000c0000000,0x00000000d2890450,0x00000000e5e00000)
 Metaspace       used 84736K, committed 86464K, reserved 1179648K
  class space    used 8716K, committed 9408K, reserved 1048576K
}
Event: 690.224 GC heap after
{Heap after GC invocations=905 (full 5):
 PSYoungGen      total 26112K, used 192K [0x00000000eab00000, 0x00000000ec600000, 0x0000000100000000)
  eden space 25600K, 0% used [0x00000000eab00000,0x00000000eab00000,0x00000000ec400000)
  from space 512K, 37% used [0x00000000ec500000,0x00000000ec530000,0x00000000ec580000)
  to   space 512K, 0% used [0x00000000ec580000,0x00000000ec580000,0x00000000ec600000)
 ParOldGen       total 620544K, used 303681K [0x00000000c0000000, 0x00000000e5e00000, 0x00000000eab00000)
  object space 620544K, 48% used [0x00000000c0000000,0x00000000d2890450,0x00000000e5e00000)
 Metaspace       used 84736K, committed 86464K, reserved 1179648K
  class space    used 8716K, committed 9408K, reserved 1048576K
}
Event: 692.912 GC heap before
{Heap before GC invocations=906 (full 5):
 PSYoungGen      total 26112K, used 25792K [0x00000000eab00000, 0x00000000ec600000, 0x0000000100000000)
  eden space 25600K, 100% used [0x00000000eab00000,0x00000000ec400000,0x00000000ec400000)
  from space 512K, 37% used [0x00000000ec500000,0x00000000ec530000,0x00000000ec580000)
  to   space 512K, 0% used [0x00000000ec580000,0x00000000ec580000,0x00000000ec600000)
 ParOldGen       total 620544K, used 303681K [0x00000000c0000000, 0x00000000e5e00000, 0x00000000eab00000)
  object space 620544K, 48% used [0x00000000c0000000,0x00000000d2890450,0x00000000e5e00000)
 Metaspace       used 84892K, committed 86848K, reserved 1179648K
  class space    used 8730K, committed 9536K, reserved 1048576K
}
Event: 692.951 GC heap after
{Heap after GC invocations=906 (full 5):
 PSYoungGen      total 22528K, used 512K [0x00000000eab00000, 0x00000000ecd80000, 0x0000000100000000)
  eden space 22016K, 0% used [0x00000000eab00000,0x00000000eab00000,0x00000000ec080000)
  from space 512K, 100% used [0x00000000ec580000,0x00000000ec600000,0x00000000ec600000)
  to   space 5120K, 0% used [0x00000000ec080000,0x00000000ec080000,0x00000000ec580000)
 ParOldGen       total 620544K, used 307445K [0x00000000c0000000, 0x00000000e5e00000, 0x00000000eab00000)
  object space 620544K, 49% used [0x00000000c0000000,0x00000000d2c3d440,0x00000000e5e00000)
 Metaspace       used 84892K, committed 86848K, reserved 1179648K
  class space    used 8730K, committed 9536K, reserved 1048576K
}
Event: 693.951 GC heap before
{Heap before GC invocations=907 (full 5):
 PSYoungGen      total 22528K, used 22528K [0x00000000eab00000, 0x00000000ecd80000, 0x0000000100000000)
  eden space 22016K, 100% used [0x00000000eab00000,0x00000000ec080000,0x00000000ec080000)
  from space 512K, 100% used [0x00000000ec580000,0x00000000ec600000,0x00000000ec600000)
  to   space 5120K, 0% used [0x00000000ec080000,0x00000000ec080000,0x00000000ec580000)
 ParOldGen       total 620544K, used 307445K [0x00000000c0000000, 0x00000000e5e00000, 0x00000000eab00000)
  object space 620544K, 49% used [0x00000000c0000000,0x00000000d2c3d440,0x00000000e5e00000)
 Metaspace       used 84964K, committed 86848K, reserved 1179648K
  class space    used 8741K, committed 9536K, reserved 1048576K
}
Event: 693.980 GC heap after
{Heap after GC invocations=907 (full 5):
 PSYoungGen      total 27136K, used 5108K [0x00000000eab00000, 0x00000000ed080000, 0x0000000100000000)
  eden space 22016K, 0% used [0x00000000eab00000,0x00000000eab00000,0x00000000ec080000)
  from space 5120K, 99% used [0x00000000ec080000,0x00000000ec57d310,0x00000000ec580000)
  to   space 8192K, 0% used [0x00000000ec880000,0x00000000ec880000,0x00000000ed080000)
 ParOldGen       total 620544K, used 309501K [0x00000000c0000000, 0x00000000e5e00000, 0x00000000eab00000)
  object space 620544K, 49% used [0x00000000c0000000,0x00000000d2e3f440,0x00000000e5e00000)
 Metaspace       used 84964K, committed 86848K, reserved 1179648K
  class space    used 8741K, committed 9536K, reserved 1048576K
}

